<?xml version="1.0" encoding="UTF-8"?>
<!-- Generated by org.testng.reporters.JUnitReportReporter -->
<testsuite skipped="0" hostname="DESKTOP-4B6UQIK" name="com.training.sanity.tests.AdminProperty_HomeScreen_RETC_070" tests="1" failures="0" timestamp="21 Jun 2019 07:30:32 GMT" time="97.471" errors="0">
  <testcase name="addPropertyTest" time="97.471" classname="com.training.sanity.tests.AdminProperty_HomeScreen_RETC_070"/>
</testsuite> <!-- com.training.sanity.tests.AdminProperty_HomeScreen_RETC_070 -->
