<?xml version="1.0" encoding="UTF-8"?>
<!-- Generated by org.testng.reporters.JUnitReportReporter -->
<testsuite skipped="0" hostname="DESKTOP-4B6UQIK" name="com.training.sanity.tests.RETC_008_ApartmentTab_CalculateButton" tests="1" failures="0" timestamp="03 Jun 2019 11:04:44 GMT" time="51.472" errors="0">
  <testcase name="apartmentSearchButtonTest" time="51.472" classname="com.training.sanity.tests.RETC_008_ApartmentTab_CalculateButton"/>
</testsuite> <!-- com.training.sanity.tests.RETC_008_ApartmentTab_CalculateButton -->
