<?xml version="1.0" encoding="UTF-8"?>
<!-- Generated by org.testng.reporters.JUnitReportReporter -->
<testsuite skipped="0" hostname="DESKTOP-4B6UQIK" name="com.training.sanity.tests.LoginTests" tests="1" failures="0" timestamp="28 May 2019 16:44:57 GMT" time="67.003" errors="0">
  <testcase name="validLoginTest" time="67.003" classname="com.training.sanity.tests.LoginTests"/>
</testsuite> <!-- com.training.sanity.tests.LoginTests -->
