<?xml version="1.0" encoding="UTF-8"?>
<!-- Generated by org.testng.reporters.JUnitReportReporter -->
<testsuite skipped="0" hostname="DESKTOP-4B6UQIK" name="com.training.sanity.tests.RETC_039_AddPost_CreatedCategory" tests="1" failures="0" timestamp="10 Jun 2019 05:17:22 GMT" time="66.085" errors="0">
  <testcase name="addPostTest" time="66.085" classname="com.training.sanity.tests.RETC_039_AddPost_CreatedCategory"/>
</testsuite> <!-- com.training.sanity.tests.RETC_039_AddPost_CreatedCategory -->
