<?xml version="1.0" encoding="UTF-8"?>
<!-- Generated by org.testng.reporters.JUnitReportReporter -->
<testsuite skipped="0" hostname="DESKTOP-4B6UQIK" name="com.training.sanity.tests.InvalidDeatilsToCalculateMortgage_RETC_069" tests="2" failures="0" timestamp="21 Jun 2019 07:32:14 GMT" time="78.345" errors="0">
  <testcase name="calculateMortgageforInvalidValuesClass" time="39.024" classname="com.training.sanity.tests.InvalidDeatilsToCalculateMortgage_RETC_069"/>
  <testcase name="calculateMortgageforInvalidValuesClass" time="39.321" classname="com.training.sanity.tests.InvalidDeatilsToCalculateMortgage_RETC_069"/>
</testsuite> <!-- com.training.sanity.tests.InvalidDeatilsToCalculateMortgage_RETC_069 -->
