<?xml version="1.0" encoding="UTF-8"?>
<!-- Generated by org.testng.reporters.JUnitReportReporter -->
<testsuite skipped="0" hostname="DESKTOP-4B6UQIK" name="com.training.sanity.tests.RETC_006_LoginTests" tests="1" failures="0" timestamp="29 May 2019 10:38:26 GMT" time="36.438" errors="0">
  <testcase name="validLoginTest" time="36.438" classname="com.training.sanity.tests.RETC_006_LoginTests"/>
</testsuite> <!-- com.training.sanity.tests.RETC_006_LoginTests -->
