<?xml version="1.0" encoding="UTF-8"?>
<!-- Generated by org.testng.reporters.JUnitReportReporter -->
<testsuite skipped="0" hostname="DESKTOP-4B6UQIK" name="com.training.sanity.tests.LoginThroughExcel" tests="1" failures="0" timestamp="13 Jun 2019 05:41:13 GMT" time="37.154" errors="0">
  <testcase name="validLoginTest" time="37.154" classname="com.training.sanity.tests.LoginThroughExcel"/>
</testsuite> <!-- com.training.sanity.tests.LoginThroughExcel -->
