<?xml version="1.0" encoding="UTF-8"?>
<!-- Generated by org.testng.reporters.JUnitReportReporter -->
<testsuite skipped="0" hostname="DESKTOP-4B6UQIK" name="com.training.sanity.tests.RETC_040_BlogSection_ViewPostLink" tests="1" failures="0" timestamp="03 Jun 2019 04:37:06 GMT" time="81.027" errors="0">
  <testcase name="addPostTest" time="81.027" classname="com.training.sanity.tests.RETC_040_BlogSection_ViewPostLink"/>
</testsuite> <!-- com.training.sanity.tests.RETC_040_BlogSection_ViewPostLink -->
