<?xml version="1.0" encoding="UTF-8"?>
<!-- Generated by org.testng.reporters.JUnitReportReporter -->
<testsuite skipped="0" hostname="DESKTOP-4B6UQIK" name="com.training.regression.tests.CommercialTab_EnquiryFormDataProviderTest_RETC_067" tests="1" failures="0" timestamp="21 Jun 2019 07:18:54 GMT" time="42.483" errors="0">
  <testcase name="EnquiryDBTest" time="42.483" classname="com.training.regression.tests.CommercialTab_EnquiryFormDataProviderTest_RETC_067"/>
</testsuite> <!-- com.training.regression.tests.CommercialTab_EnquiryFormDataProviderTest_RETC_067 -->
