<?xml version="1.0" encoding="UTF-8"?>
<!-- Generated by org.testng.reporters.JUnitReportReporter -->
<testsuite skipped="0" hostname="DESKTOP-4B6UQIK" name="com.training.sanity.tests.CalculateMortgageforDifferentValues_RETC_068" tests="3" failures="0" timestamp="21 Jun 2019 07:21:21 GMT" time="136.631" errors="0">
  <testcase name="calculateMortgageforDifferentValuesClass" time="40.301" classname="com.training.sanity.tests.CalculateMortgageforDifferentValues_RETC_068"/>
  <testcase name="calculateMortgageforDifferentValuesClass" time="37.296" classname="com.training.sanity.tests.CalculateMortgageforDifferentValues_RETC_068"/>
  <testcase name="calculateMortgageforDifferentValuesClass" time="59.034" classname="com.training.sanity.tests.CalculateMortgageforDifferentValues_RETC_068"/>
</testsuite> <!-- com.training.sanity.tests.CalculateMortgageforDifferentValues_RETC_068 -->
