<?xml version="1.0" encoding="UTF-8"?>
<!-- Generated by org.testng.reporters.JUnitReportReporter -->
<testsuite skipped="0" hostname="DESKTOP-4B6UQIK" name="com.training.sanity.tests.DonecQuis_SendButtonTests" tests="1" failures="0" timestamp="27 May 2019 06:32:43 GMT" time="41.295" errors="0">
  <testcase name="validSendButtonTest" time="41.295" classname="com.training.sanity.tests.DonecQuis_SendButtonTests"/>
</testsuite> <!-- com.training.sanity.tests.DonecQuis_SendButtonTests -->
