<?xml version="1.0" encoding="UTF-8"?>
<!-- Generated by org.testng.reporters.JUnitReportReporter -->
<testsuite skipped="0" hostname="DESKTOP-4B6UQIK" name="com.training.sanity.tests.RETC_039_AddPost_CreatedCategory" tests="1" failures="0" timestamp="03 Jun 2019 04:09:06 GMT" time="51.127" errors="0">
  <testcase name="addPostTest" time="51.127" classname="com.training.sanity.tests.RETC_039_AddPost_CreatedCategory"/>
</testsuite> <!-- com.training.sanity.tests.RETC_039_AddPost_CreatedCategory -->
